console.log("Server is running on port 3001");
console.log("Request: GET /");
console.log("Request: GET /favicon.ico");
console.log("Request: GET /");
console.log("Server is running on port 4000");
console.log("Request: GET /");
console.log("Request: GET /favicon.ico");
console.log("Request: GET /");
console.log("Request: GET /");
console.log("Request: POST /user/login");
console.log("Request: GET /owner/admin");
console.log("Request: GET /owner/allProducts");
console.log("Request: GET /owner/orders");
console.log("Request: GET /");
console.log("Request: POST /user/login");
console.log("Request: GET /shop");
console.log("Request: GET /shop?sortby=price-high");
console.log("Request: GET /shop?category=all&sortby=newest");
console.log("Request: GET /shop?category=all&sortby=popular");
console.log("Request: GET /cart");
console.log("Request: GET /user/orders");
console.log("Request: GET /shop");
console.log("Request: GET /user/logout");
console.log("Request: GET /");
console.log("Request: GET /");
console.log("Request: POST /user/login");
console.log("Request: GET /shop");
console.log("Request: GET /shop");
console.log("Request: GET /shop");
console.log("Request: GET /shop");
console.log("Request: GET /shop");
console.log("Request: GET /shop");
console.log("Request: GET /shop");
console.log("Request: GET /shop");
console.log("Request: GET /cart");
console.log("Request: GET /user/orders");
console.log("Request: GET /cart");
console.log("Request: GET /user/orders");
console.log("Request: GET /shop");
console.log("Request: GET /cart");
console.log("Request: GET /cart");
console.log("Request: GET /cart");
console.log("Request: GET /shop");
console.log("Request: GET /owner/admin");
console.log("Request: GET /owner/admin");
console.log("Request: GET /owner/allProducts");
console.log("Request: GET /owner/orders");
console.log("Request: GET /owner/orders");
console.log("Request: GET /owner/orders");
console.log("Request: GET /owner/orders");
console.log("Request: GET /owner/orders");
console.log("Request: GET /owner/allProducts");
console.log("Request: GET /owner/orders");
console.log("Request: GET /cart");
console.log("Request: GET /user/orders");
console.log("Request: GET /shop");
console.log("Request: GET /owner/orders");
console.log("Request: GET /owner/orders");
console.log("Request: GET /owner/orders");
console.log("Request: GET /owner/orders");
console.log("Request: GET /owner/orders");
console.log("Request: GET /owner/admin");
console.log("Request: GET /owner/allProducts");
console.log("Request: GET /owner/orders");
console.log("Request: GET /owner/orders");
console.log("Request: GET /owner/orders");
console.log("Request: GET /owner/orders");
console.log("Request: GET /owner/orders");
console.log("Request: GET /owner/allProducts");
console.log("Request: GET /owner/orders");
console.log("Request: GET /owner/orders");
console.log("Request: GET /owner/orders");
console.log("Request: GET /owner/orders");
console.log("Request: GET /owner/orders");
console.log("Request: GET /owner/admin");
console.log("Request: GET /owner/admin");
console.log("Request: GET /owner/admin");
console.log("Request: GET /owner/admin");
console.log("Request: GET /owner/admin");
console.log("Request: GET /owner/admin");
console.log("Request: GET /owner/admin");
console.log("Request: GET /owner/admin");
console.log("Request: GET /owner/admin");
console.log("Request: GET /owner/admin");
console.log("Request: GET /owner/admin");
console.log("Request: GET /owner/allProducts");
console.log("Request: GET /owner/admin");
console.log("Request: GET /owner/admin");
console.log("Request: GET /owner/admin");
console.log("Request: GET /owner/admin");
console.log("Request: GET /owner/admin");
console.log("Request: GET /user/logout");
console.log("Request: GET /");
console.log("Request: POST /user/login");
console.log("Request: GET /owner/admin");
console.log("Request: GET /owner/admin");
console.log("Request: GET /owner/allProducts");
console.log("Request: GET /owner/orders");
console.log("Request: GET /owner/admin");
console.log("Request: GET /");
console.log("Request: POST /user/login");
console.log("Request: GET /shop");
console.log("Request: GET /");
console.log("Request: POST /user/login");
console.log("Request: POST /user/login");
console.log("Request: GET /owner/admin");
console.log("Request: GET /favicon.ico");
console.log("Request: GET /");
console.log("Request: POST /user/login");
console.log("Request: GET /shop");
console.log("Request: GET /shop?category=all&sortby=newest");
console.log("Request: GET /shop?search=Bat&category=all&sortby=newest");
console.log("Request: GET /shop");
console.log("Request: GET /shop");
console.log("Request: GET /cart");
console.log("Request: GET /deletefromcart/67c44369604b0d1d5d4c6731");
console.log("Request: GET /cart");
console.log("Request: POST /addPayment");
console.log("Request: POST /checkout");
console.log("Request: GET /shop");
console.log("Request: GET /addtocart/67c44369604b0d1d5d4c6731");
console.log("Request: GET /cart");
console.log("Request: POST /addPayment");
console.log("Request: POST /checkout");
console.log("Request: GET /shop");
console.log("Request: GET /cart");
console.log("Request: GET /shop");
console.log("Request: GET /user/orders");
console.log("Request: GET /user/logout");
console.log("Request: GET /");
console.log("Request: POST /user/login");
console.log("Request: GET /owner/admin");
console.log("Request: GET /owner/allProducts");
console.log("Request: GET /owner/orders");
console.log("Request: POST /owner/delete-order/67cb3c502eef3d2cfb41b83b");
console.log("Request: GET /owner/orders");
console.log("Request: POST /owner/delete-order/67cb3db6f894135d93406d9e");
console.log("Request: GET /owner/orders");
console.log("Request: POST /owner/delete-order/67cb4b72a3a38d0f5e1d80f5");
console.log("Request: GET /owner/orders");
console.log("Request: POST /owner/delete-order/67cc6a4c7778317d8070c92e");
console.log("Request: GET /owner/orders");
console.log("Request: POST /owner/delete-order/67cc6aaa7778317d8070c93e");
console.log("Request: GET /owner/orders");
console.log("Request: GET /owner/orders");
console.log("Request: GET /owner/allProducts");
console.log("Request: GET /user/logout");
console.log("Request: GET /");
console.log("Request: POST /user/login");
console.log("Request: GET /shop");
console.log("Request: GET /cart");
console.log("Request: GET /user/orders");
console.log("Request: GET /shop");
console.log("Request: GET /user/logout");
console.log("Request: GET /");
console.log("Request: POST /user/login");
console.log("Request: GET /shop");
console.log("Request: POST /user/login");
console.log("Request: GET /shop");
console.log("Request: GET /addtocart/67c44369604b0d1d5d4c6731");
console.log("Request: GET /cart");
console.log("Request: GET /user/orders");
console.log("Request: GET /cart");
console.log("Request: POST /addPayment");
console.log("Request: GET /shop");
console.log("Request: GET /user/logout");
console.log("Request: GET /");
console.log("Request: POST /user/login");
console.log("Request: GET /shop");
console.log("Request: GET /addtocart/67c4464ec93373308d50cdb3");
console.log("Request: GET /cart");
console.log("Request: POST /addPayment");
console.log("Request: GET /shop");
console.log("Request: GET /user/logout");
console.log("Request: GET /");
console.log("Request: POST /user/login");
console.log("Request: GET /owner/admin");
console.log("Request: GET /owner/allProducts");
console.log("Request: GET /owner/orders");
console.log("Request: GET /owner/admin");
console.log("Request: GET /owner/admin");
console.log("Request: GET /owner/admin");
console.log("Request: GET /owner/admin");
console.log("Request: GET /owner/admin");
console.log("Request: GET /owner/admin");
console.log("Request: GET /owner/admin");
console.log("Request: GET /owner/admin");
console.log("Request: GET /owner/admin");
console.log("Request: GET /owner/admin");
console.log("Request: GET /owner/allProducts");
console.log("Request: GET /owner/admin");
console.log("Request: GET /owner/admin{"level":"info","message":"Server is running on port 3001"}
{"level":"info","message":"Request: GET /"}
{"level":"info","message":"Request: GET /favicon.ico"}
{"level":"info","message":"Request: GET /"}
{"level":"info","message":"Server is running on port 4000"}
{"level":"info","message":"Request: GET /"}
{"level":"info","message":"Request: GET /favicon.ico"}
{"level":"info","message":"Request: GET /"}
{"level":"info","message":"Request: GET /"}
{"level":"info","message":"Request: POST /user/login"}
{"level":"info","message":"Request: GET /owner/admin"}
{"level":"info","message":"Request: GET /owner/allProducts"}
{"level":"info","message":"Request: GET /owner/orders"}
{"level":"info","message":"Request: GET /"}
{"level":"info","message":"Request: POST /user/login"}
{"level":"info","message":"Request: GET /shop"}
{"level":"info","message":"Request: GET /shop?sortby=price-high"}
{"level":"info","message":"Request: GET /shop?category=all&sortby=newest"}
{"level":"info","message":"Request: GET /shop?category=all&sortby=popular"}
{"level":"info","message":"Request: GET /cart"}
{"level":"info","message":"Request: GET /user/orders"}
{"level":"info","message":"Request: GET /shop"}
{"level":"info","message":"Request: GET /user/logout"}
{"level":"info","message":"Request: GET /"}
{"level":"info","message":"Request: GET /"}
{"level":"info","message":"Request: POST /user/login"}
{"level":"info","message":"Request: GET /shop"}
{"level":"info","message":"Request: GET /shop"}
{"level":"info","message":"Request: GET /shop"}
{"level":"info","message":"Request: GET /shop"}
{"level":"info","message":"Request: GET /shop"}
{"level":"info","message":"Request: GET /shop"}
{"level":"info","message":"Request: GET /shop"}
{"level":"info","message":"Request: GET /shop"}
{"level":"info","message":"Request: GET /cart"}
{"level":"info","message":"Request: GET /user/orders"}
{"level":"info","message":"Request: GET /cart"}
{"level":"info","message":"Request: GET /user/orders"}
{"level":"info","message":"Request: GET /shop"}
{"level":"info","message":"Request: GET /cart"}
{"level":"info","message":"Request: GET /cart"}
{"level":"info","message":"Request: GET /cart"}
{"level":"info","message":"Request: GET /shop"}
{"level":"info","message":"Request: GET /owner/admin"}
{"level":"info","message":"Request: GET /owner/admin"}
{"level":"info","message":"Request: GET /owner/allProducts"}
{"level":"info","message":"Request: GET /owner/orders"}
{"level":"info","message":"Request: GET /owner/orders"}
{"level":"info","message":"Request: GET /owner/orders"}
{"level":"info","message":"Request: GET /owner/orders"}
{"level":"info","message":"Request: GET /owner/orders"}
{"level":"info","message":"Request: GET /owner/allProducts"}
{"level":"info","message":"Request: GET /owner/orders"}
{"level":"info","message":"Request: GET /cart"}
{"level":"info","message":"Request: GET /user/orders"}
{"level":"info","message":"Request: GET /shop"}
{"level":"info","message":"Request: GET /owner/orders"}
{"level":"info","message":"Request: GET /owner/orders"}
{"level":"info","message":"Request: GET /owner/orders"}
{"level":"info","message":"Request: GET /owner/orders"}
{"level":"info","message":"Request: GET /owner/orders"}
{"level":"info","message":"Request: GET /owner/admin"}
{"level":"info","message":"Request: GET /owner/allProducts"}
{"level":"info","message":"Request: GET /owner/orders"}
{"level":"info","message":"Request: GET /owner/orders"}
{"level":"info","message":"Request: GET /owner/orders"}
{"level":"info","message":"Request: GET /owner/orders"}
{"level":"info","message":"Request: GET /owner/orders"}
{"level":"info","message":"Request: GET /owner/allProducts"}
{"level":"info","message":"Request: GET /owner/orders"}
{"level":"info","message":"Request: GET /owner/orders"}
{"level":"info","message":"Request: GET /owner/orders"}
{"level":"info","message":"Request: GET /owner/orders"}
{"level":"info","message":"Request: GET /owner/orders"}
{"level":"info","message":"Request: GET /owner/admin"}
{"level":"info","message":"Server is running on port 4000"}
{"level":"info","message":"Request: GET /"}
{"level":"info","message":"Request: GET /favicon.ico"}
{"level":"info","message":"Request: POST /user/login"}
{"level":"info","message":"Request: GET /shop"}
{"level":"info","message":"Request: GET /"}
{"level":"info","message":"Request: POST /user/login"}
{"level":"info","message":"Request: POST /user/login"}
{"level":"info","message":"Request: GET /owner/admin"}
{"level":"info","message":"Request: GET /favicon.ico"}
{"level":"info","message":"Request: GET /"}
{"level":"info","message":"Request: POST /user/login"}
{"level":"info","message":"Request: GET /shop"}
{"level":"info","message":"Request: GET /shop?category=all&sortby=newest"}
{"level":"info","message":"Request: GET /shop?search=Bat&category=all&sortby=newest"}
{"level":"info","message":"Request: GET /shop"}
{"level":"info","message":"Request: GET /shop"}
{"level":"info","message":"Request: GET /cart"}
{"level":"info","message":"Request: GET /deletefromcart/67c44369604b0d1d5d4c6731"}
{"level":"info","message":"Request: GET /cart"}
{"level":"info","message":"Request: POST /addPayment"}
{"level":"info","message":"Request: POST /checkout"}
{"level":"info","message":"Request: GET /shop"}
{"level":"info","message":"Request: GET /addtocart/67c44369604b0d1d5d4c6731"}
{"level":"info","message":"Request: GET /cart"}
{"level":"info","message":"Request: POST /addPayment"}
{"level":"info","message":"Request: POST /checkout"}
{"level":"info","message":"Request: GET /shop"}
{"level":"info","message":"Request: GET /cart"}
{"level":"info","message":"Request: GET /shop"}
{"level":"info","message":"Request: GET /user/orders"}
{"level":"info","message":"Request: GET /user/logout"}
{"level":"info","message":"Request: GET /"}
{"level":"info","message":"Request: POST /user/login"}
{"level":"info","message":"Request: GET /owner/admin"}
{"level":"info","message":"Request: GET /owner/allProducts"}
{"level":"info","message":"Request: GET /owner/orders"}
{"level":"info","message":"Request: POST /owner/delete-order/67cb3c502eef3d2cfb41b83b"}
{"level":"info","message":"Request: GET /owner/orders"}
{"level":"info","message":"Request: POST /owner/delete-order/67cb3db6f894135d93406d9e"}
{"level":"info","message":"Request: GET /owner/orders"}
{"level":"info","message":"Request: POST /owner/delete-order/67cb4b72a3a38d0f5e1d80f5"}
{"level":"info","message":"Request: GET /owner/orders"}
{"level":"info","message":"Request: POST /owner/delete-order/67cc6a4c7778317d8070c92e"}
{"level":"info","message":"Request: GET /owner/orders"}
{"level":"info","message":"Request: POST /owner/delete-order/67cc6aaa7778317d8070c93e"}
{"level":"info","message":"Request: GET /owner/orders"}
{"level":"info","message":"Request: GET /owner/orders"}
{"level":"info","message":"Request: GET /owner/allProducts"}
{"level":"info","message":"Request: GET /user/logout"}
{"level":"info","message":"Request: GET /"}
{"level":"info","message":"Request: POST /user/login"}
{"level":"info","message":"Request: GET /shop"}
{"level":"info","message":"Request: GET /cart"}
{"level":"info","message":"Request: GET /user/orders"}
{"level":"info","message":"Request: GET /user/logout"}
{"level":"info","message":"Request: GET /"}
{"level":"info","message":"Server is running on port 4000"}
{"level":"info","message":"Request: GET /shop"}
{"level":"info","message":"Request: GET /user/logout"}
{"level":"info","message":"Request: GET /"}
{"level":"info","message":"Request: GET /owner/allProducts"}
{"level":"info","message":"Request: GET /"}
{"level":"info","message":"Request: GET /"}
{"level":"info","message":"Request: POST /user/login"}
{"level":"info","message":"Request: GET /owner/admin"}
{"level":"info","message":"Server is running on port 4000"}
{"level":"info","message":"Request: GET /"}
{"level":"info","message":"Request: POST /user/login"}
{"level":"info","message":"Request: GET /"}
{"level":"info","message":"Request: POST /user/login"}
{"level":"info","message":"Request: GET /"}
{"level":"info","message":"Request: POST /user/login"}
{"level":"info","message":"Request: GET /owner/admin"}
{"level":"info","message":"Request: GET /owner/admin"}
{"level":"info","message":"Request: GET /owner/admin"}
{"level":"info","message":"Request: POST /owner/create"}
{"level":"info","message":"Request: GET /owner/admin"}
{"level":"info","message":"Request: GET /owner/allProducts"}
{"level":"info","message":"Request: GET /owner/orders"}
{"level":"info","message":"Request: GET /owner/orders"}
{"level":"info","message":"Request: GET /owner/allProducts"}
{"level":"info","message":"Request: POST /owner/delete/67cc6dea41e58408c40b6fde"}
{"level":"info","message":"Request: GET /owner/allProducts"}
{"level":"info","message":"Request: GET /user/logout"}
{"level":"info","message":"Request: GET /"}
{"level":"info","message":"Request: POST /user/login"}
{"level":"info","message":"Request: GET /shop"}
{"level":"info","message":"Request: GET /cart"}
{"level":"info","message":"Request: GET /user/orders"}
{"level":"info","message":"Request: GET /shop"}
{"level":"info","message":"Request: GET /user/logout"}
{"level":"info","message":"Request: GET /"}
{"level":"info","message":"Request: POST /user/login"}
{"level":"info","message":"Request: GET /shop"}
{"level":"info","message":"Request: POST /user/login"}
{"level":"info","message":"Request: GET /shop"}
{"level":"info","message":"Request: GET /addtocart/67c44369604b0d1d5d4c6731"}
{"level":"info","message":"Request: GET /cart"}
{"level":"info","message":"Request: GET /user/orders"}
{"level":"info","message":"Request: GET /cart"}
{"level":"info","message":"Request: POST /addPayment"}
{"level":"info","message":"Request: GET /shop"}
{"level":"info","message":"Request: GET /user/logout"}
{"level":"info","message":"Request: GET /"}
{"level":"info","message":"Request: POST /user/login"}
{"level":"info","message":"Request: GET /shop"}
{"level":"info","message":"Request: GET /addtocart/67c4464ec93373308d50cdb3"}
{"level":"info","message":"Request: GET /cart"}
{"level":"info","message":"Request: POST /addPayment"}
{"level":"info","message":"Request: GET /shop"}
{"level":"info","message":"Request: GET /user/logout"}
{"level":"info","message":"Request: GET /"}
{"level":"info","message":"Request: POST /user/login"}
{"level":"info","message":"Request: GET /owner/admin"}
{"level":"info","message":"Request: GET /owner/allProducts"}
{"level":"info","message":"Request: GET /owner/orders"}
{"level":"info","message":"Request: GET /owner/admin"}
{"level":"info","message":"Request: GET /owner/admin"}
{"level":"info","message":"Request: GET /owner/admin"}
{"level":"info","message":"Request: GET /owner/admin"}
{"level":"info","message":"Request: GET /owner/admin"}
{"level":"info","message":"Request: GET /owner/admin"}
{"level":"info","message":"Request: GET /owner/admin"}
{"level":"info","message":"Request: GET /owner/admin"}
{"level":"info","message":"Request: GET /owner/admin"}
{"level":"info","message":"Request: GET /owner/admin"}
{"level":"info","message":"Request: GET /owner/admin"}
{"level":"info","message":"Request: GET /owner/allProducts"}
{"level":"info","message":"Request: GET /owner/admin"}
{"level":"info","message":"Request: GET /owner/admin"}
{"level":"info","message":"Request: GET /owner/admin"}
{"level":"info","message":"Request: GET /owner/admin"}
{"level":"info","message":"Request: GET /owner/admin"}
{"level":"info","message":"Request: GET /user/logout"}
{"level":"info","message":"Request: GET /"}
{"level":"info","message":"Request: POST /user/login"}
{"level":"info","message":"Request: GET /owner/admin"}
{"level":"info","message":"Request: GET /owner/admin"}
{"level":"info","message":"Request: GET /owner/allProducts"}
{"level":"info","message":"Request: GET /owner/orders"}
{"level":"info","message":"Request: GET /owner/admin"}
{"level":"info","message":"Request: GET /"}
{"level":"info","message":"Request: POST /user/login"}
{"level":"info","message":"Request: GET /shop"}
{"level":"info","message":"Request: GET /cart"}
{"level":"info","message":"Request: GET /user/orders"}
{"level":"info","message":"Request: GET /owner/admin"}
{"level":"info","message":"Request: GET /owner/admin"}
{"level":"info","message":"Request: GET /owner/admin"}
{"level":"info","message":"Server is running on port 4000"}
{"level":"info","message":"Request: GET /owner/admin"}
{"level":"info","message":"Request: GET /owner/allProducts"}
{"level":"info","message":"Request: GET /owner/admin"}
{"level":"info","message":"Request: GET /owner/orders"}
{"level":"info","message":"Request: GET /owner/allProducts"}
{"level":"info","message":"Request: GET /owner/admin"}
{"level":"info","message":"Request: GET /user/logout"}
{"level":"info","message":"Request: GET /"}
{"level":"info","message":"Request: POST /user/login"}
{"level":"info","message":"Request: GET /owner/admin"}
{"level":"info","message":"Request: GET /owner/admin"}
{"level":"info","message":"Request: GET /owner/admin"}
{"level":"info","message":"Request: GET /owner/admin"}
{"level":"info","message":"Request: GET /owner/admin"}
{"level":"info","message":"Request: GET /owner/admin"}
{"level":"info","message":"Request: GET /owner/admin"}
{"level":"info","message":"Request: GET /owner/admin"}
{"level":"info","message":"Request: GET /owner/allProducts"}
{"level":"info","message":"Request: GET /owner/admin"}
{"level":"info","message":"Request: GET /owner/admin"}
{"level":"info","message":"Request: GET /owner/admin"}
{"level":"info","message":"Request: GET /owner/allProducts"}
{"level":"info","message":"Request: GET /owner/orders"}
{"level":"info","message":"Request: GET /owner/allProducts"}
{"level":"info","message":"Request: GET /owner/admin"}
{"level":"info","message":"Request: GET /owner/allProducts"}
{"level":"info","message":"Request: GET /user/logout"}
{"level":"info","message":"Request: GET /"}
{"level":"info","message":"Request: POST /user/login"}
{"level":"info","message":"Request: GET /shop"}
{"level":"info","message":"Request: GET /cart"}
{"level":"info","message":"Request: GET /user/orders"}
{"level":"info","message":"Request: GET /shop"}
{"level":"info","message":"Request: GET /user/logout"}
{"level":"info","message":"Request: GET /"}
{"level":"info","message":"Server is running on port 4000"}
{"level":"info","message":"Server is running on port 3001"}
{"level":"info","message":"Server is running on port 4000"}
{"level":"info","message":"Server is running on port 4000"}
{"level":"info","message":"Server is running on port 4000"}
{"level":"info","message":"Server is running on port 4000"}
{"level":"info","message":"Request: GET /"}
{"level":"info","message":"Server is running on port 4000"}
{"level":"info","message":"Server is running on port 4000"}
{"level":"info","message":"Server is running on port 4000"}
{"level":"info","message":"Server is running on port 4000"}
{"level":"info","message":"Server is running on port 4000"}
{"level":"info","message":"Request: GET /"}
{"level":"info","message":"Request: POST /user/login"}
{"level":"info","message":"Request: GET /shop"}
